<html>
<head>
<title>TestNG:  Default test</title>
<link href="../testng.css" rel="stylesheet" type="text/css" />
<link href="../my-testng.css" rel="stylesheet" type="text/css" />

<style type="text/css">
.log { display: none;} 
.stack-trace { display: none;} 
</style>
<script type="text/javascript">
<!--
function flip(e) {
  current = e.style.display;
  if (current == 'block') {
    e.style.display = 'none';
    return 0;
  }
  else {
    e.style.display = 'block';
    return 1;
  }
}

function toggleBox(szDivId, elem, msg1, msg2)
{
  var res = -1;  if (document.getElementById) {
    res = flip(document.getElementById(szDivId));
  }
  else if (document.all) {
    // this is the way old msie versions work
    res = flip(document.all[szDivId]);
  }
  if(elem) {
    if(res == 0) elem.innerHTML = msg1; else elem.innerHTML = msg2;
  }

}

function toggleAllBoxes() {
  if (document.getElementsByTagName) {
    d = document.getElementsByTagName('div');
    for (i = 0; i < d.length; i++) {
      if (d[i].className == 'log') {
        flip(d[i]);
      }
    }
  }
}

// -->
</script>

</head>
<body>
<h2 align='center'>Default test</h2><table border='1' align="center">
<tr>
<td>Tests passed/Failed/Skipped:</td><td>0/0/1</td>
</tr><tr>
<td>Started on:</td><td>Tue Jan 22 14:15:00 UTC 2013</td>
</tr>
<tr><td>Total time:</td><td>0 seconds (230 ms)</td>
</tr><tr>
<td>Included groups:</td><td></td>
</tr><tr>
<td>Excluded groups:</td><td></td>
</tr>
</table><p/>
<small><i>(Hover the method name to see the test class name)</i></small><p/>
<table width='100%' border='1' class='invocation-failed'>
<tr><td colspan='4' align='center'><b>FAILED CONFIGURATIONS</b></td></tr>
<tr><td><b>Test method</b></td>
<td width="30%"><b>Exception</b></td>
<td width="10%"><b>Time (seconds)</b></td>
<td><b>Instance</b></td>
</tr>
<tr>
<td title='sh.calaba.calabashdriver.Pickerjavatest.startCalabashDriverServer()'><b>startCalabashDriverServer</b><br>Test class: sh.calaba.calabashdriver.Pickerjavatest</td>
<td><div><pre>java.lang.AssertionError: The local calabash-driver server cannot be started: 
	at org.testng.Assert.fail(Assert.java:83)
	at sh.calaba.calabashdriver.Pickerjavatest$DriverServerRunnable.run(Pickerjavatest.java:75)
	at java.lang.Thread.run(Thread.java:662)
	at sh.calaba.calabashdriver.Pickerjavatest.startCalabashDriverServer(Pickerjavatest.java:47)
	at sun.reflect.NativeMethodAccessorImpl.invoke0(Native Method)
	at sun.reflect.NativeMethodAccessorImpl.invoke(NativeMethodAccessorImpl.java:39)
	at sun.reflect.DelegatingMethodAccessorImpl.invoke(DelegatingMethodAccessorImpl.java:25)
	at java.lang.reflect.Method.invoke(Method.java:597)
	at org.testng.internal.MethodInvocationHelper.invokeMethod(MethodInvocationHelper.java:80)
	at org.testng.internal.Invoker.invokeConfigurationMethod(Invoker.java:564)
	at org.testng.internal.Invoker.invokeConfigurations(Invoker.java:213)
	at org.testng.internal.Invoker.invokeMethod(Invoker.java:653)
	at org.testng.internal.Invoker.invokeTestMethod(Invoker.java:901)
	at org.testng.internal.Invoker.invokeTestMethods(Invoker.java:1231)
	at org.testng.internal.TestMethodWorker.invokeTestMethods(TestMethodWorker.java:128)
	at org.testng.internal.TestMethodWorker.run(TestMethodWorker.java:111)
	at org.testng.TestRunner.privateRun(TestRunner.java:767)
	at org.testng.TestRunner.run(TestRunner.java:617)
	at org.testng.SuiteRunner.runTest(SuiteRunner.java:334)
	at org.testng.SuiteRunner.runSequentially(SuiteRunner.java:329)
	at org.testng.SuiteRunner.privateRun(SuiteRunner.java:291)
	at org.testng.SuiteRunner.run(SuiteRunner.java:240)
	at org.testng.SuiteRunnerWorker.runSuite(SuiteRunnerWorker.java:52)
	at org.testng.SuiteRunnerWorker.run(SuiteRunnerWorker.java:86)
	at org.testng.TestNG.runSuitesSequentially(TestNG.java:1203)
	at org.testng.TestNG.runSuitesLocally(TestNG.java:1128)
	at org.testng.TestNG.run(TestNG.java:1036)
	at org.testng.remote.RemoteTestNG.run(RemoteTestNG.java:111)
	at org.testng.remote.RemoteTestNG.initAndRun(RemoteTestNG.java:204)
	at org.testng.remote.RemoteTestNG.main(RemoteTestNG.java:175)
Caused by: sh.calaba.utils.AdbConnetionException: Exit value of process was 1 but expected 0
	at sh.calaba.utils.DefaultAdbConnection.confirmExitValueIs(DefaultAdbConnection.java:111)
	at sh.calaba.utils.DefaultAdbConnection.runProcess(DefaultAdbConnection.java:79)
	at sh.calaba.driver.utils.CalabashAdbCmdRunner.installAPKFile(CalabashAdbCmdRunner.java:133)
	at sh.calaba.driver.server.CalabashProxy.doIinitializeMobileDevices(CalabashProxy.java:157)
	at sh.calaba.driver.server.CalabashProxy.access$000(CalabashProxy.java:45)
	at sh.calaba.driver.server.CalabashProxy$1.run(CalabashProxy.java:80)
	at java.lang.Thread.run(Thread.java:662)
	at sh.calaba.driver.server.CalabashProxy.initializeMobileDevices(CalabashProxy.java:78)
	at sh.calaba.driver.server.CalabashAndroidServer.start(CalabashAndroidServer.java:113)
	at sh.calaba.calabashdriver.Pickerjavatest$DriverServerRunnable.run(Pickerjavatest.java:72)
	... 28 more
</pre></div><a href='#' onClick='toggleBox("stack-trace1469937134", this, "Click to show all stack frames", "Click to hide stack frames")'>Click to show all stack frames</a>
<div class='stack-trace' id='stack-trace1469937134'><pre>java.lang.AssertionError: The local calabash-driver server cannot be started: 
	at org.testng.Assert.fail(Assert.java:83)
	at sh.calaba.calabashdriver.Pickerjavatest$DriverServerRunnable.run(Pickerjavatest.java:75)
	at java.lang.Thread.run(Thread.java:662)
	at sh.calaba.calabashdriver.Pickerjavatest.startCalabashDriverServer(Pickerjavatest.java:47)
	at sun.reflect.NativeMethodAccessorImpl.invoke0(Native Method)
	at sun.reflect.NativeMethodAccessorImpl.invoke(NativeMethodAccessorImpl.java:39)
	at sun.reflect.DelegatingMethodAccessorImpl.invoke(DelegatingMethodAccessorImpl.java:25)
	at java.lang.reflect.Method.invoke(Method.java:597)
	at org.testng.internal.MethodInvocationHelper.invokeMethod(MethodInvocationHelper.java:80)
	at org.testng.internal.Invoker.invokeConfigurationMethod(Invoker.java:564)
	at org.testng.internal.Invoker.invokeConfigurations(Invoker.java:213)
	at org.testng.internal.Invoker.invokeMethod(Invoker.java:653)
	at org.testng.internal.Invoker.invokeTestMethod(Invoker.java:901)
	at org.testng.internal.Invoker.invokeTestMethods(Invoker.java:1231)
	at org.testng.internal.TestMethodWorker.invokeTestMethods(TestMethodWorker.java:128)
	at org.testng.internal.TestMethodWorker.run(TestMethodWorker.java:111)
	at org.testng.TestRunner.privateRun(TestRunner.java:767)
	at org.testng.TestRunner.run(TestRunner.java:617)
	at org.testng.SuiteRunner.runTest(SuiteRunner.java:334)
	at org.testng.SuiteRunner.runSequentially(SuiteRunner.java:329)
	at org.testng.SuiteRunner.privateRun(SuiteRunner.java:291)
	at org.testng.SuiteRunner.run(SuiteRunner.java:240)
	at org.testng.SuiteRunnerWorker.runSuite(SuiteRunnerWorker.java:52)
	at org.testng.SuiteRunnerWorker.run(SuiteRunnerWorker.java:86)
	at org.testng.TestNG.runSuitesSequentially(TestNG.java:1203)
	at org.testng.TestNG.runSuitesLocally(TestNG.java:1128)
	at org.testng.TestNG.run(TestNG.java:1036)
	at org.testng.remote.RemoteTestNG.run(RemoteTestNG.java:111)
	at org.testng.remote.RemoteTestNG.initAndRun(RemoteTestNG.java:204)
	at org.testng.remote.RemoteTestNG.main(RemoteTestNG.java:175)
Caused by: sh.calaba.utils.AdbConnetionException: Exit value of process was 1 but expected 0
	at sh.calaba.utils.DefaultAdbConnection.confirmExitValueIs(DefaultAdbConnection.java:111)
	at sh.calaba.utils.DefaultAdbConnection.runProcess(DefaultAdbConnection.java:79)
	at sh.calaba.driver.utils.CalabashAdbCmdRunner.installAPKFile(CalabashAdbCmdRunner.java:133)
	at sh.calaba.driver.server.CalabashProxy.doIinitializeMobileDevices(CalabashProxy.java:157)
	at sh.calaba.driver.server.CalabashProxy.access$000(CalabashProxy.java:45)
	at sh.calaba.driver.server.CalabashProxy$1.run(CalabashProxy.java:80)
	at java.lang.Thread.run(Thread.java:662)
	at sh.calaba.driver.server.CalabashProxy.initializeMobileDevices(CalabashProxy.java:78)
	at sh.calaba.driver.server.CalabashAndroidServer.start(CalabashAndroidServer.java:113)
	at sh.calaba.calabashdriver.Pickerjavatest$DriverServerRunnable.run(Pickerjavatest.java:72)
	... 28 more
</pre></div></td>
<td>0</td>
<td>sh.calaba.calabashdriver.Pickerjavatest@45db05b2</td></tr>
</table><p>
<table width='100%' border='1' class='invocation-skipped'>
<tr><td colspan='4' align='center'><b>SKIPPED CONFIGURATIONS</b></td></tr>
<tr><td><b>Test method</b></td>
<td width="30%"><b>Exception</b></td>
<td width="10%"><b>Time (seconds)</b></td>
<td><b>Instance</b></td>
</tr>
<tr>
<td title='sh.calaba.calabashdriver.Pickerjavatest.shutdown()'><b>shutdown</b><br>Test class: sh.calaba.calabashdriver.Pickerjavatest</td>
<td></td>
<td>0</td>
<td>sh.calaba.calabashdriver.Pickerjavatest@45db05b2</td></tr>
</table><p>
<table width='100%' border='1' class='invocation-skipped'>
<tr><td colspan='4' align='center'><b>SKIPPED TESTS</b></td></tr>
<tr><td><b>Test method</b></td>
<td width="30%"><b>Exception</b></td>
<td width="10%"><b>Time (seconds)</b></td>
<td><b>Instance</b></td>
</tr>
<tr>
<td title='sh.calaba.calabashdriver.Pickerjavatest.testPicker()'><b>testPicker</b><br>Test class: sh.calaba.calabashdriver.Pickerjavatest</td>
<td></td>
<td>0</td>
<td>sh.calaba.calabashdriver.Pickerjavatest@45db05b2</td></tr>
</table><p>
</body>
</html>