<?xml version="1.0" encoding="UTF-8"?>
<testng-results skipped="1" failed="0" total="1" passed="0">
  <reporter-output>
  </reporter-output>
  <suite name="Default suite" duration-ms="230" started-at="2013-01-22T14:15:00Z" finished-at="2013-01-22T14:15:00Z">
    <groups>
    </groups>
    <test name="Default test" duration-ms="230" started-at="2013-01-22T14:15:00Z" finished-at="2013-01-22T14:15:00Z">
      <class name="sh.calaba.calabashdriver.Pickerjavatest">
        <test-method status="FAIL" signature="startCalabashDriverServer()[pri:0, instance:sh.calaba.calabashdriver.Pickerjavatest@45db05b2]" name="startCalabashDriverServer" is-config="true" duration-ms="0" started-at="2013-01-22T14:15:00Z" finished-at="2013-01-22T14:15:00Z">
          <exception class="java.lang.AssertionError">
            <message>
              <![CDATA[The local calabash-driver server cannot be started: ]]>
            </message>
            <full-stacktrace>
              <![CDATA[java.lang.AssertionError: The local calabash-driver server cannot be started: 
	at org.testng.Assert.fail(Assert.java:83)
	at sh.calaba.calabashdriver.Pickerjavatest$DriverServerRunnable.run(Pickerjavatest.java:75)
	at java.lang.Thread.run(Thread.java:662)
	at sh.calaba.calabashdriver.Pickerjavatest.startCalabashDriverServer(Pickerjavatest.java:47)
	at sun.reflect.NativeMethodAccessorImpl.invoke0(Native Method)
	at sun.reflect.NativeMethodAccessorImpl.invoke(NativeMethodAccessorImpl.java:39)
	at sun.reflect.DelegatingMethodAccessorImpl.invoke(DelegatingMethodAccessorImpl.java:25)
	at java.lang.reflect.Method.invoke(Method.java:597)
	at org.testng.internal.MethodInvocationHelper.invokeMethod(MethodInvocationHelper.java:80)
	at org.testng.internal.Invoker.invokeConfigurationMethod(Invoker.java:564)
	at org.testng.internal.Invoker.invokeConfigurations(Invoker.java:213)
	at org.testng.internal.Invoker.invokeMethod(Invoker.java:653)
	at org.testng.internal.Invoker.invokeTestMethod(Invoker.java:901)
	at org.testng.internal.Invoker.invokeTestMethods(Invoker.java:1231)
	at org.testng.internal.TestMethodWorker.invokeTestMethods(TestMethodWorker.java:128)
	at org.testng.internal.TestMethodWorker.run(TestMethodWorker.java:111)
	at org.testng.TestRunner.privateRun(TestRunner.java:767)
	at org.testng.TestRunner.run(TestRunner.java:617)
	at org.testng.SuiteRunner.runTest(SuiteRunner.java:334)
	at org.testng.SuiteRunner.runSequentially(SuiteRunner.java:329)
	at org.testng.SuiteRunner.privateRun(SuiteRunner.java:291)
	at org.testng.SuiteRunner.run(SuiteRunner.java:240)
	at org.testng.SuiteRunnerWorker.runSuite(SuiteRunnerWorker.java:52)
	at org.testng.SuiteRunnerWorker.run(SuiteRunnerWorker.java:86)
	at org.testng.TestNG.runSuitesSequentially(TestNG.java:1203)
	at org.testng.TestNG.runSuitesLocally(TestNG.java:1128)
	at org.testng.TestNG.run(TestNG.java:1036)
	at org.testng.remote.RemoteTestNG.run(RemoteTestNG.java:111)
	at org.testng.remote.RemoteTestNG.initAndRun(RemoteTestNG.java:204)
	at org.testng.remote.RemoteTestNG.main(RemoteTestNG.java:175)
Caused by: sh.calaba.utils.AdbConnetionException: Exit value of process was 1 but expected 0
	at sh.calaba.utils.DefaultAdbConnection.confirmExitValueIs(DefaultAdbConnection.java:111)
	at sh.calaba.utils.DefaultAdbConnection.runProcess(DefaultAdbConnection.java:79)
	at sh.calaba.driver.utils.CalabashAdbCmdRunner.installAPKFile(CalabashAdbCmdRunner.java:133)
	at sh.calaba.driver.server.CalabashProxy.doIinitializeMobileDevices(CalabashProxy.java:157)
	at sh.calaba.driver.server.CalabashProxy.access$000(CalabashProxy.java:45)
	at sh.calaba.driver.server.CalabashProxy$1.run(CalabashProxy.java:80)
	at java.lang.Thread.run(Thread.java:662)
	at sh.calaba.driver.server.CalabashProxy.initializeMobileDevices(CalabashProxy.java:78)
	at sh.calaba.driver.server.CalabashAndroidServer.start(CalabashAndroidServer.java:113)
	at sh.calaba.calabashdriver.Pickerjavatest$DriverServerRunnable.run(Pickerjavatest.java:72)
	... 28 more
]]>
            </full-stacktrace>
          </exception> <!-- java.lang.AssertionError -->
          <reporter-output>
          </reporter-output>
        </test-method> <!-- startCalabashDriverServer -->
        <test-method status="SKIP" signature="testPicker()[pri:0, instance:sh.calaba.calabashdriver.Pickerjavatest@45db05b2]" name="testPicker" duration-ms="1" started-at="2013-01-22T14:15:00Z" finished-at="2013-01-22T14:15:00Z">
          <reporter-output>
          </reporter-output>
        </test-method> <!-- testPicker -->
        <test-method status="SKIP" signature="shutdown()[pri:0, instance:sh.calaba.calabashdriver.Pickerjavatest@45db05b2]" name="shutdown" is-config="true" duration-ms="0" started-at="2013-01-22T14:15:00Z" finished-at="2013-01-22T14:15:00Z">
          <reporter-output>
          </reporter-output>
        </test-method> <!-- shutdown -->
      </class> <!-- sh.calaba.calabashdriver.Pickerjavatest -->
    </test> <!-- Default test -->
  </suite> <!-- Default suite -->
</testng-results>
